[debug] [2023-12-06T02:21:52.681Z] ----------------------------------------------------------------------
[debug] [2023-12-06T02:21:52.681Z] Command:       /Users/gabrielcastro/.nvm/versions/node/v18.9.1/bin/node /Users/gabrielcastro/.nvm/versions/node/v18.9.1/bin/firebase emulators:start --only functions
[debug] [2023-12-06T02:21:52.682Z] CLI Version:   12.9.1
[debug] [2023-12-06T02:21:52.682Z] Platform:      darwin
[debug] [2023-12-06T02:21:52.682Z] Node Version:  v18.9.1
[debug] [2023-12-06T02:21:52.682Z] Time:          Tue Dec 05 2023 18:21:52 GMT-0800 (Pacific Standard Time)
[debug] [2023-12-06T02:21:52.683Z] ----------------------------------------------------------------------
[debug] 
[debug] [2023-12-06T02:21:52.736Z] > command requires scopes: ["email","openid","https://www.googleapis.com/auth/cloudplatformprojects.readonly","https://www.googleapis.com/auth/firebase","https://www.googleapis.com/auth/cloud-platform"]
[debug] [2023-12-06T02:21:52.736Z] > authorizing via signed-in user (gaben24k@gmail.com)
[info] i  emulators: Starting emulators: functions {"metadata":{"emulator":{"name":"hub"},"message":"Starting emulators: functions"}}
[debug] [2023-12-06T02:21:52.984Z] [logging] Logging Emulator only supports listening on one address (127.0.0.1). Not listening on ::1
[debug] [2023-12-06T02:21:52.984Z] assigned listening specs for emulators {"user":{"hub":[{"address":"127.0.0.1","family":"IPv4","port":4400},{"address":"::1","family":"IPv6","port":4400}],"ui":[{"address":"127.0.0.1","family":"IPv4","port":4000},{"address":"::1","family":"IPv6","port":4000}],"logging":[{"address":"127.0.0.1","family":"IPv4","port":4500}]},"metadata":{"message":"assigned listening specs for emulators"}}
[debug] [2023-12-06T02:21:52.989Z] [hub] writing locator at /var/folders/mt/8nrm1ps57g79c644tsg2f9500000gn/T/hub-ucla-dining-crud-api.json
[debug] [2023-12-06T02:21:53.143Z] [functions] Functions Emulator only supports listening on one address (127.0.0.1). Not listening on ::1
[debug] [2023-12-06T02:21:53.143Z] [eventarc] Eventarc Emulator only supports listening on one address (127.0.0.1). Not listening on ::1
[debug] [2023-12-06T02:21:53.143Z] late-assigned ports for functions and eventarc emulators {"user":{"hub":[{"address":"127.0.0.1","family":"IPv4","port":4400},{"address":"::1","family":"IPv6","port":4400}],"ui":[{"address":"127.0.0.1","family":"IPv4","port":4000},{"address":"::1","family":"IPv6","port":4000}],"logging":[{"address":"127.0.0.1","family":"IPv4","port":4500}],"functions":[{"address":"127.0.0.1","family":"IPv4","port":5001}],"eventarc":[{"address":"127.0.0.1","family":"IPv4","port":9299}]},"metadata":{"message":"late-assigned ports for functions and eventarc emulators"}}
[warn] ⚠  functions: The following emulators are not running, calls to these services from the Functions emulator will affect production: auth, firestore, database, hosting, pubsub, storage {"metadata":{"emulator":{"name":"functions"},"message":"The following emulators are not running, calls to these services from the Functions emulator will affect production: \u001b[1mauth, firestore, database, hosting, pubsub, storage\u001b[22m"}}
[debug] [2023-12-06T02:21:53.145Z] defaultcredentials: writing to file /Users/gabrielcastro/.config/firebase/gaben24k_gmail_com_application_default_credentials.json
[debug] [2023-12-06T02:21:53.149Z] Setting GAC to /Users/gabrielcastro/.config/firebase/gaben24k_gmail_com_application_default_credentials.json {"metadata":{"emulator":{"name":"functions"},"message":"Setting GAC to /Users/gabrielcastro/.config/firebase/gaben24k_gmail_com_application_default_credentials.json"}}
[debug] [2023-12-06T02:21:53.150Z] > refreshing access token with scopes: []
[debug] [2023-12-06T02:21:53.151Z] >>> [apiv2][query] POST https://www.googleapis.com/oauth2/v3/token [none]
[debug] [2023-12-06T02:21:53.151Z] >>> [apiv2][body] POST https://www.googleapis.com/oauth2/v3/token [omitted]
[debug] [2023-12-06T02:21:53.420Z] <<< [apiv2][status] POST https://www.googleapis.com/oauth2/v3/token 200
[debug] [2023-12-06T02:21:53.421Z] <<< [apiv2][body] POST https://www.googleapis.com/oauth2/v3/token [omitted]
[debug] [2023-12-06T02:21:53.434Z] >>> [apiv2][query] GET https://firebase.googleapis.com/v1beta1/projects/ucla-dining-crud-api/adminSdkConfig [none]
[debug] [2023-12-06T02:21:53.631Z] <<< [apiv2][status] GET https://firebase.googleapis.com/v1beta1/projects/ucla-dining-crud-api/adminSdkConfig 200
[debug] [2023-12-06T02:21:53.631Z] <<< [apiv2][body] GET https://firebase.googleapis.com/v1beta1/projects/ucla-dining-crud-api/adminSdkConfig {"projectId":"ucla-dining-crud-api","storageBucket":"ucla-dining-crud-api.appspot.com"}
[debug] [2023-12-06T02:21:53.650Z] Ignoring unsupported arg: auto_download {"metadata":{"emulator":{"name":"ui"},"message":"Ignoring unsupported arg: auto_download"}}
[debug] [2023-12-06T02:21:53.650Z] Ignoring unsupported arg: port {"metadata":{"emulator":{"name":"ui"},"message":"Ignoring unsupported arg: port"}}
[debug] [2023-12-06T02:21:53.650Z] Starting Emulator UI with command {"binary":"node","args":["/Users/gabrielcastro/.cache/firebase/emulators/ui-v1.11.7/server/server.js"],"optionalArgs":[],"joinArgs":false} {"metadata":{"emulator":{"name":"ui"},"message":"Starting Emulator UI with command {\"binary\":\"node\",\"args\":[\"/Users/gabrielcastro/.cache/firebase/emulators/ui-v1.11.7/server/server.js\"],\"optionalArgs\":[],\"joinArgs\":false}"}}
[info] i  ui: Emulator UI logging to ui-debug.log {"metadata":{"emulator":{"name":"ui"},"message":"Emulator UI logging to \u001b[1mui-debug.log\u001b[22m"}}
[debug] [2023-12-06T02:21:53.725Z] Web / API server started at 127.0.0.1:4000
 {"metadata":{"emulator":{"name":"ui"},"message":"Web / API server started at 127.0.0.1:4000\n"}}
[debug] [2023-12-06T02:21:53.725Z] Web / API server started at ::1:4000
 {"metadata":{"emulator":{"name":"ui"},"message":"Web / API server started at ::1:4000\n"}}
[info] i  functions: Watching "/Users/gabrielcastro/Desktop/VSCODE FILES/ucla-dining-app/functions" for Cloud Functions... {"metadata":{"emulator":{"name":"functions"},"message":"Watching \"/Users/gabrielcastro/Desktop/VSCODE FILES/ucla-dining-app/functions\" for Cloud Functions..."}}
[debug] [2023-12-06T02:21:53.922Z] Validating nodejs source
[debug] [2023-12-06T02:21:54.299Z] > [functions] package.json contents: {
  "name": "functions",
  "description": "Cloud Functions for Firebase",
  "scripts": {
    "serve": "firebase emulators:start --only functions",
    "shell": "firebase functions:shell",
    "start": "npm run shell",
    "deploy": "firebase deploy --only functions",
    "logs": "firebase functions:log"
  },
  "engines": {
    "node": "18"
  },
  "main": "index.js",
  "dependencies": {
    "firebase-admin": "^11.8.0",
    "firebase-functions": "^4.3.1"
  },
  "devDependencies": {
    "firebase-functions-test": "^3.1.0"
  },
  "private": true
}
[debug] [2023-12-06T02:21:54.300Z] Building nodejs source
[debug] [2023-12-06T02:21:54.300Z] Failed to find version of module node: reached end of search path /Users/gabrielcastro/Desktop/VSCODE FILES/ucla-dining-app/functions/node_modules
[info] ✔  functions: Using node@18 from host. 
[debug] [2023-12-06T02:21:54.302Z] Could not find functions.yaml. Must use http discovery
[debug] [2023-12-06T02:21:54.306Z] Found firebase-functions binary at '/Users/gabrielcastro/Desktop/VSCODE FILES/ucla-dining-app/functions/node_modules/.bin/firebase-functions'
[info] Serving at port 8123

[debug] [2023-12-06T02:21:54.676Z] Got response from /__/functions.yaml {"endpoints":{"app":{"platform":"gcfv1","availableMemoryMb":null,"timeoutSeconds":null,"minInstances":null,"maxInstances":null,"ingressSettings":null,"serviceAccountEmail":null,"vpc":null,"httpsTrigger":{},"entryPoint":"app"}},"specVersion":"v1alpha1","requiredAPIs":[]}
[info] ✔  functions: Loaded functions definitions from source: app. {"metadata":{"emulator":{"name":"functions"},"message":"Loaded functions definitions from source: app."}}
[info] ✔  functions[us-central1-app]: http function initialized (http://127.0.0.1:5001/ucla-dining-crud-api/us-central1/app). {"metadata":{"emulator":{"name":"functions"},"message":"\u001b[1mhttp\u001b[22m function initialized (http://127.0.0.1:5001/ucla-dining-crud-api/us-central1/app)."}}
[info] 
┌─────────────────────────────────────────────────────────────┐
│ ✔  All emulators ready! It is now safe to connect your app. │
│ i  View Emulator UI at http://127.0.0.1:4000/               │
└─────────────────────────────────────────────────────────────┘

┌───────────┬────────────────┬─────────────────────────────────┐
│ Emulator  │ Host:Port      │ View in Emulator UI             │
├───────────┼────────────────┼─────────────────────────────────┤
│ Functions │ 127.0.0.1:5001 │ http://127.0.0.1:4000/functions │
└───────────┴────────────────┴─────────────────────────────────┘
  Emulator Hub running at 127.0.0.1:4400
  Other reserved ports: 4500

Issues? Report them at https://github.com/firebase/firebase-tools/issues and attach the *-debug.log files.
 
[debug] [2023-12-06T02:27:58.961Z] [work-queue] {"queuedWork":["/ucla-dining-crud-api/us-central1/app/api/read/5-2023-12-06T02:27:58.961Z"],"queueLength":1,"runningWork":[],"workRunningCount":0}
[debug] [2023-12-06T02:27:58.963Z] [work-queue] {"queuedWork":[],"queueLength":0,"runningWork":["/ucla-dining-crud-api/us-central1/app/api/read/5-2023-12-06T02:27:58.961Z"],"workRunningCount":1}
[debug] [2023-12-06T02:27:58.965Z] Accepted request GET /ucla-dining-crud-api/us-central1/app/api/read/5 --> us-central1-app
[debug] [2023-12-06T02:27:58.970Z] [functions] Runtime ready! Sending request! {"metadata":{"emulator":{"name":"functions"},"message":"[functions] Runtime ready! Sending request!"}}
[debug] [2023-12-06T02:27:58.971Z] [functions] Got req.url=/ucla-dining-crud-api/us-central1/app/api/read/5, mapping to path=/api/read/5 {"metadata":{"emulator":{"name":"functions"},"message":"[functions] Got req.url=/ucla-dining-crud-api/us-central1/app/api/read/5, mapping to path=/api/read/5"}}
[debug] [2023-12-06T02:27:58.979Z] [worker-pool] addWorker(us-central1-app) {"metadata":{"emulator":{"name":"functions"},"message":"[worker-pool] addWorker(us-central1-app)"}}
[debug] [2023-12-06T02:27:58.980Z] [worker-pool] Adding worker with key us-central1-app, total=1 {"metadata":{"emulator":{"name":"functions"},"message":"[worker-pool] Adding worker with key us-central1-app, total=1"}}
[debug] [2023-12-06T02:27:59.567Z] [work-queue] {"queuedWork":["/ucla-dining-crud-api/us-central1/app/api/read/8-2023-12-06T02:27:59.567Z"],"queueLength":1,"runningWork":["/ucla-dining-crud-api/us-central1/app/api/read/5-2023-12-06T02:27:58.961Z"],"workRunningCount":1}
[debug] [2023-12-06T02:27:59.567Z] [work-queue] {"queuedWork":[],"queueLength":0,"runningWork":["/ucla-dining-crud-api/us-central1/app/api/read/5-2023-12-06T02:27:58.961Z","/ucla-dining-crud-api/us-central1/app/api/read/8-2023-12-06T02:27:59.567Z"],"workRunningCount":2}
[debug] [2023-12-06T02:27:59.567Z] Accepted request GET /ucla-dining-crud-api/us-central1/app/api/read/8 --> us-central1-app
[debug] [2023-12-06T02:27:59.569Z] [functions] Runtime ready! Sending request! {"metadata":{"emulator":{"name":"functions"},"message":"[functions] Runtime ready! Sending request!"}}
[debug] [2023-12-06T02:27:59.569Z] [functions] Got req.url=/ucla-dining-crud-api/us-central1/app/api/read/8, mapping to path=/api/read/8 {"metadata":{"emulator":{"name":"functions"},"message":"[functions] Got req.url=/ucla-dining-crud-api/us-central1/app/api/read/8, mapping to path=/api/read/8"}}
[debug] [2023-12-06T02:27:59.572Z] [worker-pool] addWorker(us-central1-app) {"metadata":{"emulator":{"name":"functions"},"message":"[worker-pool] addWorker(us-central1-app)"}}
[debug] [2023-12-06T02:27:59.572Z] [worker-pool] Adding worker with key us-central1-app, total=2 {"metadata":{"emulator":{"name":"functions"},"message":"[worker-pool] Adding worker with key us-central1-app, total=2"}}
[debug] [2023-12-06T02:27:59.601Z] [runtime-status] [37041] Resolved module firebase-admin {"declared":true,"installed":true,"version":"11.11.0","resolution":"/Users/gabrielcastro/Desktop/VSCODE FILES/ucla-dining-app/functions/node_modules/firebase-admin/lib/index.js"} {"metadata":{"emulator":{"name":"functions"},"function":{"name":"us-central1-app"},"extension":{},"message":"[runtime-status] [37041] Resolved module firebase-admin {\"declared\":true,\"installed\":true,\"version\":\"11.11.0\",\"resolution\":\"/Users/gabrielcastro/Desktop/VSCODE FILES/ucla-dining-app/functions/node_modules/firebase-admin/lib/index.js\"}"}}
[debug] [2023-12-06T02:27:59.601Z] [runtime-status] [37041] Resolved module firebase-functions {"declared":true,"installed":true,"version":"4.5.0","resolution":"/Users/gabrielcastro/Desktop/VSCODE FILES/ucla-dining-app/functions/node_modules/firebase-functions/lib/v1/index.js"} {"metadata":{"emulator":{"name":"functions"},"function":{"name":"us-central1-app"},"extension":{},"message":"[runtime-status] [37041] Resolved module firebase-functions {\"declared\":true,\"installed\":true,\"version\":\"4.5.0\",\"resolution\":\"/Users/gabrielcastro/Desktop/VSCODE FILES/ucla-dining-app/functions/node_modules/firebase-functions/lib/v1/index.js\"}"}}
[debug] [2023-12-06T02:27:59.602Z] [runtime-status] [37041] Outgoing network have been stubbed. [{"name":"http","status":"mocked"},{"name":"http","status":"mocked"},{"name":"https","status":"mocked"},{"name":"https","status":"mocked"},{"name":"net","status":"mocked"}] {"metadata":{"emulator":{"name":"functions"},"function":{"name":"us-central1-app"},"extension":{},"message":"[runtime-status] [37041] Outgoing network have been stubbed. [{\"name\":\"http\",\"status\":\"mocked\"},{\"name\":\"http\",\"status\":\"mocked\"},{\"name\":\"https\",\"status\":\"mocked\"},{\"name\":\"https\",\"status\":\"mocked\"},{\"name\":\"net\",\"status\":\"mocked\"}]"}}
[debug] [2023-12-06T02:27:59.602Z] [runtime-status] [37041] Resolved module firebase-functions {"declared":true,"installed":true,"version":"4.5.0","resolution":"/Users/gabrielcastro/Desktop/VSCODE FILES/ucla-dining-app/functions/node_modules/firebase-functions/lib/v1/index.js"} {"metadata":{"emulator":{"name":"functions"},"function":{"name":"us-central1-app"},"extension":{},"message":"[runtime-status] [37041] Resolved module firebase-functions {\"declared\":true,\"installed\":true,\"version\":\"4.5.0\",\"resolution\":\"/Users/gabrielcastro/Desktop/VSCODE FILES/ucla-dining-app/functions/node_modules/firebase-functions/lib/v1/index.js\"}"}}
[debug] [2023-12-06T02:27:59.741Z] [runtime-status] [37041] Checked functions.config() {"config":{}} {"metadata":{"emulator":{"name":"functions"},"function":{"name":"us-central1-app"},"extension":{},"message":"[runtime-status] [37041] Checked functions.config() {\"config\":{}}"}}
[debug] [2023-12-06T02:27:59.741Z] [runtime-status] [37041] firebase-functions has been stubbed. {"functionsResolution":{"declared":true,"installed":true,"version":"4.5.0","resolution":"/Users/gabrielcastro/Desktop/VSCODE FILES/ucla-dining-app/functions/node_modules/firebase-functions/lib/v1/index.js"}} {"metadata":{"emulator":{"name":"functions"},"function":{"name":"us-central1-app"},"extension":{},"message":"[runtime-status] [37041] firebase-functions has been stubbed. {\"functionsResolution\":{\"declared\":true,\"installed\":true,\"version\":\"4.5.0\",\"resolution\":\"/Users/gabrielcastro/Desktop/VSCODE FILES/ucla-dining-app/functions/node_modules/firebase-functions/lib/v1/index.js\"}}"}}
[debug] [2023-12-06T02:27:59.741Z] [runtime-status] [37041] Resolved module firebase-functions {"declared":true,"installed":true,"version":"4.5.0","resolution":"/Users/gabrielcastro/Desktop/VSCODE FILES/ucla-dining-app/functions/node_modules/firebase-functions/lib/v1/index.js"} {"metadata":{"emulator":{"name":"functions"},"function":{"name":"us-central1-app"},"extension":{},"message":"[runtime-status] [37041] Resolved module firebase-functions {\"declared\":true,\"installed\":true,\"version\":\"4.5.0\",\"resolution\":\"/Users/gabrielcastro/Desktop/VSCODE FILES/ucla-dining-app/functions/node_modules/firebase-functions/lib/v1/index.js\"}"}}
[debug] [2023-12-06T02:27:59.741Z] [runtime-status] [37041] Resolved module firebase-admin {"declared":true,"installed":true,"version":"11.11.0","resolution":"/Users/gabrielcastro/Desktop/VSCODE FILES/ucla-dining-app/functions/node_modules/firebase-admin/lib/index.js"} {"metadata":{"emulator":{"name":"functions"},"function":{"name":"us-central1-app"},"extension":{},"message":"[runtime-status] [37041] Resolved module firebase-admin {\"declared\":true,\"installed\":true,\"version\":\"11.11.0\",\"resolution\":\"/Users/gabrielcastro/Desktop/VSCODE FILES/ucla-dining-app/functions/node_modules/firebase-admin/lib/index.js\"}"}}
[debug] [2023-12-06T02:27:59.743Z] [runtime-status] [37041] Resolved module firebase-functions {"declared":true,"installed":true,"version":"4.5.0","resolution":"/Users/gabrielcastro/Desktop/VSCODE FILES/ucla-dining-app/functions/node_modules/firebase-functions/lib/v1/index.js"} {"metadata":{"emulator":{"name":"functions"},"function":{"name":"us-central1-app"},"extension":{},"message":"[runtime-status] [37041] Resolved module firebase-functions {\"declared\":true,\"installed\":true,\"version\":\"4.5.0\",\"resolution\":\"/Users/gabrielcastro/Desktop/VSCODE FILES/ucla-dining-app/functions/node_modules/firebase-functions/lib/v1/index.js\"}"}}
[debug] [2023-12-06T02:27:59.743Z] [runtime-status] [37041] firebase-admin has been stubbed. {"adminResolution":{"declared":true,"installed":true,"version":"11.11.0","resolution":"/Users/gabrielcastro/Desktop/VSCODE FILES/ucla-dining-app/functions/node_modules/firebase-admin/lib/index.js"}} {"metadata":{"emulator":{"name":"functions"},"function":{"name":"us-central1-app"},"extension":{},"message":"[runtime-status] [37041] firebase-admin has been stubbed. {\"adminResolution\":{\"declared\":true,\"installed\":true,\"version\":\"11.11.0\",\"resolution\":\"/Users/gabrielcastro/Desktop/VSCODE FILES/ucla-dining-app/functions/node_modules/firebase-admin/lib/index.js\"}}"}}
[debug] [2023-12-06T02:27:59.768Z] [runtime-status] [37041] initializeApp(DEFAULT) {"credential":{"implicit":false,"projectId":"ucla-dining-crud-api","privateKey":"-----BEGIN PRIVATE KEY-----\nMIIEvgIBADANBgkqhkiG9w0BAQEFAASCBKgwggSkAgEAAoIBAQDsxCAK4Xr0+3PD\nmx2dTjetkmmZCDQOygPwhsyjE3psAWfs2wyuoY+ZFS7j/Phj0MrYnYdtT2S3mz77\naM790bxpEToWfpyfnV8zfPohQxXLFNH+5IVQ9Fv8D5Ns8SmLzixndCFtu4jZTtoz\nppPmRuaBETjqTPCOAUK+IrPxEz8w/yyEmy61Emjazs/GLT/hkiVzzn90AkLpsrA+\nFpEs19OZhl7IHYE9+LPzKB94LTmpmijALBWbQwM+f+2wZJ/2absvP2StMe8jsShS\nic9cA+DGLfSQiSJr7uDx6WTxwdhXKFO2niXty8yMgmnBb8P3qeoWUZMiwxt12D+F\nljPR/6rdAgMBAAECggEAM0nqCgldtheJdIhT0jl5KLW0f9TN2B1NXKuKxVHJHX/x\neBbciLDRV09GLNemJBM8+c8oINcHwZlU+6ew3T1zo8v6Shiry4zO7GuokI+Ed01f\njyiIM6j3iyMBo+IbBqDHMDLxMeDjzHU/Idy2IbZepPtq2aCIpK5ju6XvVmv9rppR\nmywgpFVfguu5Ec+ixPwiOrbkrUaYxJRuJJoCERjehLSjnpMH5Wy7jZ3k3Gv9PR/K\nSknaUL49DY6VeoUjGDrMoZtpy/ck3K41uBSTbn+Qtq+V6p/2yBqjFDs5anNw+4vn\nVC88eZmqJRRIjcKCrAWpcHo+pC47VjyyQQwAoy3R4QKBgQD+6DSmbiAiJ6YkUb36\nOyvLpgJw8LSnHJKkLUkglIPiV6VtdVDJtXT+JSaSr/46r6VBXs9hQMHzcB9+fwiZ\nxVIbCB/cWrHxM8ovfcr79nGQ0aYT5TE29zZWOdnRKOUjp+CVk7IJUnBe8xDEyTRF\nZ7zxyDfI9Bg2mP5K6QS6GactYQKBgQDtyAHlvmWE1E6YqiBqVsshIrj1O6tgMTym\nvwAynJNecjBZ3cfoR6U/ArqbVTU1sX9ztxpl23KXCd4GLgtAPqCfvDoXX+mdXkpH\nFNqas67YOIHTcFbjmy0bvLG2Rvk77VhOwPu08TA34+spYnED9cVDdg++X1tnHpsF\n4K0WrvcS/QKBgQDHpBWYQ6fnGCaHS33+/VjPprVCv0K9nyM6cj1Txv2DyCFIGRms\n4PFAGtibCjuSuv4ytI63HIDKqIYCDHwv8trbUQGjE2VKA8XWbC8OJ3XKdmgcLOTe\np79myOhPaDgONO0wOPy3UFmyA6yecvb9ZMIWmzkVqhdMq4Z+JQIOvwiwAQKBgAen\nztfUv3P9WeJ0Z8LEtJmGgqnyl9vq+ebsc1ctz1jVGFVsXIlP9TQIJHXn0mS+KDpT\nhNgOrqvKN4m/ZcFVwtoht0UVY3IbnQyY0Uj1zAVOHG/wR/vf/R3Nf3M86b1SMOuo\nLvJuaX0DK4kTkEvuV8GKRYt9inXReHBCAZCfZXkJAoGBALEZ/WOThCPa/SQLSVF3\nDC4udrSQmid7uVTcdxBAV6loX0Z3XlIAt0oiiKvkkGmpnRCK0eP3t7LePCabj1N8\nKz54J7a0eKL0AxzbGrQf5oitjFH4jXHeE9uR6m9DeFNCyhdTuE8/yfg2Hfq7fVUW\nU7ImHChRZcifRuZFYW917LKD\n-----END PRIVATE KEY-----\n","clientEmail":"firebase-adminsdk-he5en@ucla-dining-crud-api.iam.gserviceaccount.com","httpClient":{"retry":{"maxRetries":4,"statusCodes":[503],"ioErrorCodes":["ECONNRESET","ETIMEDOUT"],"backOffFactor":0.5,"maxDelayInMillis":60000}}}} {"metadata":{"emulator":{"name":"functions"},"function":{"name":"us-central1-app"},"extension":{},"message":"[runtime-status] [37041] initializeApp(DEFAULT) {\"credential\":{\"implicit\":false,\"projectId\":\"ucla-dining-crud-api\",\"privateKey\":\"-----BEGIN PRIVATE KEY-----\\nMIIEvgIBADANBgkqhkiG9w0BAQEFAASCBKgwggSkAgEAAoIBAQDsxCAK4Xr0+3PD\\nmx2dTjetkmmZCDQOygPwhsyjE3psAWfs2wyuoY+ZFS7j/Phj0MrYnYdtT2S3mz77\\naM790bxpEToWfpyfnV8zfPohQxXLFNH+5IVQ9Fv8D5Ns8SmLzixndCFtu4jZTtoz\\nppPmRuaBETjqTPCOAUK+IrPxEz8w/yyEmy61Emjazs/GLT/hkiVzzn90AkLpsrA+\\nFpEs19OZhl7IHYE9+LPzKB94LTmpmijALBWbQwM+f+2wZJ/2absvP2StMe8jsShS\\nic9cA+DGLfSQiSJr7uDx6WTxwdhXKFO2niXty8yMgmnBb8P3qeoWUZMiwxt12D+F\\nljPR/6rdAgMBAAECggEAM0nqCgldtheJdIhT0jl5KLW0f9TN2B1NXKuKxVHJHX/x\\neBbciLDRV09GLNemJBM8+c8oINcHwZlU+6ew3T1zo8v6Shiry4zO7GuokI+Ed01f\\njyiIM6j3iyMBo+IbBqDHMDLxMeDjzHU/Idy2IbZepPtq2aCIpK5ju6XvVmv9rppR\\nmywgpFVfguu5Ec+ixPwiOrbkrUaYxJRuJJoCERjehLSjnpMH5Wy7jZ3k3Gv9PR/K\\nSknaUL49DY6VeoUjGDrMoZtpy/ck3K41uBSTbn+Qtq+V6p/2yBqjFDs5anNw+4vn\\nVC88eZmqJRRIjcKCrAWpcHo+pC47VjyyQQwAoy3R4QKBgQD+6DSmbiAiJ6YkUb36\\nOyvLpgJw8LSnHJKkLUkglIPiV6VtdVDJtXT+JSaSr/46r6VBXs9hQMHzcB9+fwiZ\\nxVIbCB/cWrHxM8ovfcr79nGQ0aYT5TE29zZWOdnRKOUjp+CVk7IJUnBe8xDEyTRF\\nZ7zxyDfI9Bg2mP5K6QS6GactYQKBgQDtyAHlvmWE1E6YqiBqVsshIrj1O6tgMTym\\nvwAynJNecjBZ3cfoR6U/ArqbVTU1sX9ztxpl23KXCd4GLgtAPqCfvDoXX+mdXkpH\\nFNqas67YOIHTcFbjmy0bvLG2Rvk77VhOwPu08TA34+spYnED9cVDdg++X1tnHpsF\\n4K0WrvcS/QKBgQDHpBWYQ6fnGCaHS33+/VjPprVCv0K9nyM6cj1Txv2DyCFIGRms\\n4PFAGtibCjuSuv4ytI63HIDKqIYCDHwv8trbUQGjE2VKA8XWbC8OJ3XKdmgcLOTe\\np79myOhPaDgONO0wOPy3UFmyA6yecvb9ZMIWmzkVqhdMq4Z+JQIOvwiwAQKBgAen\\nztfUv3P9WeJ0Z8LEtJmGgqnyl9vq+ebsc1ctz1jVGFVsXIlP9TQIJHXn0mS+KDpT\\nhNgOrqvKN4m/ZcFVwtoht0UVY3IbnQyY0Uj1zAVOHG/wR/vf/R3Nf3M86b1SMOuo\\nLvJuaX0DK4kTkEvuV8GKRYt9inXReHBCAZCfZXkJAoGBALEZ/WOThCPa/SQLSVF3\\nDC4udrSQmid7uVTcdxBAV6loX0Z3XlIAt0oiiKvkkGmpnRCK0eP3t7LePCabj1N8\\nKz54J7a0eKL0AxzbGrQf5oitjFH4jXHeE9uR6m9DeFNCyhdTuE8/yfg2Hfq7fVUW\\nU7ImHChRZcifRuZFYW917LKD\\n-----END PRIVATE KEY-----\\n\",\"clientEmail\":\"firebase-adminsdk-he5en@ucla-dining-crud-api.iam.gserviceaccount.com\",\"httpClient\":{\"retry\":{\"maxRetries\":4,\"statusCodes\":[503],\"ioErrorCodes\":[\"ECONNRESET\",\"ETIMEDOUT\"],\"backOffFactor\":0.5,\"maxDelayInMillis\":60000}}}}"}}
[warn] ⚠  functions: The Cloud Firestore emulator is not running, so calls to Firestore will affect production. {"metadata":{"emulator":{"name":"functions"},"function":{"name":"us-central1-app"},"extension":{},"message":"The Cloud Firestore emulator is not running, so calls to Firestore will affect production."}}
[debug] [2023-12-06T02:27:59.821Z] [runtime-status] [37041] Functions runtime initialized. {"cwd":"/Users/gabrielcastro/Desktop/VSCODE FILES/ucla-dining-app/functions","node_version":"18.9.1"} {"metadata":{"emulator":{"name":"functions"},"function":{"name":"us-central1-app"},"extension":{},"message":"[runtime-status] [37041] Functions runtime initialized. {\"cwd\":\"/Users/gabrielcastro/Desktop/VSCODE FILES/ucla-dining-app/functions\",\"node_version\":\"18.9.1\"}"}}
[debug] [2023-12-06T02:27:59.821Z] [runtime-status] [37041] Listening to port: /var/folders/mt/8nrm1ps57g79c644tsg2f9500000gn/T/fire_emu_a0df3326488b4152.sock {"metadata":{"emulator":{"name":"functions"},"function":{"name":"us-central1-app"},"extension":{},"message":"[runtime-status] [37041] Listening to port: /var/folders/mt/8nrm1ps57g79c644tsg2f9500000gn/T/fire_emu_a0df3326488b4152.sock"}}
[debug] [2023-12-06T02:27:59.887Z] [runtime-status] [37042] Resolved module firebase-admin {"declared":true,"installed":true,"version":"11.11.0","resolution":"/Users/gabrielcastro/Desktop/VSCODE FILES/ucla-dining-app/functions/node_modules/firebase-admin/lib/index.js"} {"metadata":{"emulator":{"name":"functions"},"function":{"name":"us-central1-app"},"extension":{},"message":"[runtime-status] [37042] Resolved module firebase-admin {\"declared\":true,\"installed\":true,\"version\":\"11.11.0\",\"resolution\":\"/Users/gabrielcastro/Desktop/VSCODE FILES/ucla-dining-app/functions/node_modules/firebase-admin/lib/index.js\"}"}}
[debug] [2023-12-06T02:27:59.888Z] [runtime-status] [37042] Resolved module firebase-functions {"declared":true,"installed":true,"version":"4.5.0","resolution":"/Users/gabrielcastro/Desktop/VSCODE FILES/ucla-dining-app/functions/node_modules/firebase-functions/lib/v1/index.js"} {"metadata":{"emulator":{"name":"functions"},"function":{"name":"us-central1-app"},"extension":{},"message":"[runtime-status] [37042] Resolved module firebase-functions {\"declared\":true,\"installed\":true,\"version\":\"4.5.0\",\"resolution\":\"/Users/gabrielcastro/Desktop/VSCODE FILES/ucla-dining-app/functions/node_modules/firebase-functions/lib/v1/index.js\"}"}}
[debug] [2023-12-06T02:27:59.888Z] [runtime-status] [37042] Outgoing network have been stubbed. [{"name":"http","status":"mocked"},{"name":"http","status":"mocked"},{"name":"https","status":"mocked"},{"name":"https","status":"mocked"},{"name":"net","status":"mocked"}] {"metadata":{"emulator":{"name":"functions"},"function":{"name":"us-central1-app"},"extension":{},"message":"[runtime-status] [37042] Outgoing network have been stubbed. [{\"name\":\"http\",\"status\":\"mocked\"},{\"name\":\"http\",\"status\":\"mocked\"},{\"name\":\"https\",\"status\":\"mocked\"},{\"name\":\"https\",\"status\":\"mocked\"},{\"name\":\"net\",\"status\":\"mocked\"}]"}}
[debug] [2023-12-06T02:27:59.888Z] [runtime-status] [37042] Resolved module firebase-functions {"declared":true,"installed":true,"version":"4.5.0","resolution":"/Users/gabrielcastro/Desktop/VSCODE FILES/ucla-dining-app/functions/node_modules/firebase-functions/lib/v1/index.js"} {"metadata":{"emulator":{"name":"functions"},"function":{"name":"us-central1-app"},"extension":{},"message":"[runtime-status] [37042] Resolved module firebase-functions {\"declared\":true,\"installed\":true,\"version\":\"4.5.0\",\"resolution\":\"/Users/gabrielcastro/Desktop/VSCODE FILES/ucla-dining-app/functions/node_modules/firebase-functions/lib/v1/index.js\"}"}}
[debug] [2023-12-06T02:27:59.896Z] [worker-us-central1-app-b1ef26d1-c32c-4254-b714-8c7144d5b12f]: IDLE {"metadata":{"emulator":{"name":"functions"},"function":{"name":"us-central1-app"},"extension":{},"message":"[worker-us-central1-app-b1ef26d1-c32c-4254-b714-8c7144d5b12f]: IDLE"}}
[debug] [2023-12-06T02:27:59.896Z] [worker-pool] submitRequest(triggerId=us-central1-app) {"metadata":{"emulator":{"name":"functions"},"message":"[worker-pool] submitRequest(triggerId=us-central1-app)"}}
[info] i  functions: Beginning execution of "us-central1-app" {"metadata":{"emulator":{"name":"functions"},"function":{"name":"us-central1-app"},"extension":{},"message":"Beginning execution of \"us-central1-app\""}}
[debug] [2023-12-06T02:27:59.896Z] [worker-us-central1-app-b1ef26d1-c32c-4254-b714-8c7144d5b12f]: BUSY {"metadata":{"emulator":{"name":"functions"},"function":{"name":"us-central1-app"},"extension":{},"message":"[worker-us-central1-app-b1ef26d1-c32c-4254-b714-8c7144d5b12f]: BUSY"}}
[debug] [2023-12-06T02:27:59.956Z] [runtime-status] [37042] Checked functions.config() {"config":{}} {"metadata":{"emulator":{"name":"functions"},"function":{"name":"us-central1-app"},"extension":{},"message":"[runtime-status] [37042] Checked functions.config() {\"config\":{}}"}}
[debug] [2023-12-06T02:27:59.956Z] [runtime-status] [37042] firebase-functions has been stubbed. {"functionsResolution":{"declared":true,"installed":true,"version":"4.5.0","resolution":"/Users/gabrielcastro/Desktop/VSCODE FILES/ucla-dining-app/functions/node_modules/firebase-functions/lib/v1/index.js"}} {"metadata":{"emulator":{"name":"functions"},"function":{"name":"us-central1-app"},"extension":{},"message":"[runtime-status] [37042] firebase-functions has been stubbed. {\"functionsResolution\":{\"declared\":true,\"installed\":true,\"version\":\"4.5.0\",\"resolution\":\"/Users/gabrielcastro/Desktop/VSCODE FILES/ucla-dining-app/functions/node_modules/firebase-functions/lib/v1/index.js\"}}"}}
[debug] [2023-12-06T02:27:59.956Z] [runtime-status] [37042] Resolved module firebase-functions {"declared":true,"installed":true,"version":"4.5.0","resolution":"/Users/gabrielcastro/Desktop/VSCODE FILES/ucla-dining-app/functions/node_modules/firebase-functions/lib/v1/index.js"} {"metadata":{"emulator":{"name":"functions"},"function":{"name":"us-central1-app"},"extension":{},"message":"[runtime-status] [37042] Resolved module firebase-functions {\"declared\":true,\"installed\":true,\"version\":\"4.5.0\",\"resolution\":\"/Users/gabrielcastro/Desktop/VSCODE FILES/ucla-dining-app/functions/node_modules/firebase-functions/lib/v1/index.js\"}"}}
[debug] [2023-12-06T02:27:59.956Z] [runtime-status] [37042] Resolved module firebase-admin {"declared":true,"installed":true,"version":"11.11.0","resolution":"/Users/gabrielcastro/Desktop/VSCODE FILES/ucla-dining-app/functions/node_modules/firebase-admin/lib/index.js"} {"metadata":{"emulator":{"name":"functions"},"function":{"name":"us-central1-app"},"extension":{},"message":"[runtime-status] [37042] Resolved module firebase-admin {\"declared\":true,\"installed\":true,\"version\":\"11.11.0\",\"resolution\":\"/Users/gabrielcastro/Desktop/VSCODE FILES/ucla-dining-app/functions/node_modules/firebase-admin/lib/index.js\"}"}}
[debug] [2023-12-06T02:27:59.957Z] [runtime-status] [37042] Resolved module firebase-functions {"declared":true,"installed":true,"version":"4.5.0","resolution":"/Users/gabrielcastro/Desktop/VSCODE FILES/ucla-dining-app/functions/node_modules/firebase-functions/lib/v1/index.js"} {"metadata":{"emulator":{"name":"functions"},"function":{"name":"us-central1-app"},"extension":{},"message":"[runtime-status] [37042] Resolved module firebase-functions {\"declared\":true,\"installed\":true,\"version\":\"4.5.0\",\"resolution\":\"/Users/gabrielcastro/Desktop/VSCODE FILES/ucla-dining-app/functions/node_modules/firebase-functions/lib/v1/index.js\"}"}}
[debug] [2023-12-06T02:27:59.957Z] [runtime-status] [37042] firebase-admin has been stubbed. {"adminResolution":{"declared":true,"installed":true,"version":"11.11.0","resolution":"/Users/gabrielcastro/Desktop/VSCODE FILES/ucla-dining-app/functions/node_modules/firebase-admin/lib/index.js"}} {"metadata":{"emulator":{"name":"functions"},"function":{"name":"us-central1-app"},"extension":{},"message":"[runtime-status] [37042] firebase-admin has been stubbed. {\"adminResolution\":{\"declared\":true,\"installed\":true,\"version\":\"11.11.0\",\"resolution\":\"/Users/gabrielcastro/Desktop/VSCODE FILES/ucla-dining-app/functions/node_modules/firebase-admin/lib/index.js\"}}"}}
[debug] [2023-12-06T02:27:59.972Z] [runtime-status] [37042] initializeApp(DEFAULT) {"credential":{"implicit":false,"projectId":"ucla-dining-crud-api","privateKey":"-----BEGIN PRIVATE KEY-----\nMIIEvgIBADANBgkqhkiG9w0BAQEFAASCBKgwggSkAgEAAoIBAQDsxCAK4Xr0+3PD\nmx2dTjetkmmZCDQOygPwhsyjE3psAWfs2wyuoY+ZFS7j/Phj0MrYnYdtT2S3mz77\naM790bxpEToWfpyfnV8zfPohQxXLFNH+5IVQ9Fv8D5Ns8SmLzixndCFtu4jZTtoz\nppPmRuaBETjqTPCOAUK+IrPxEz8w/yyEmy61Emjazs/GLT/hkiVzzn90AkLpsrA+\nFpEs19OZhl7IHYE9+LPzKB94LTmpmijALBWbQwM+f+2wZJ/2absvP2StMe8jsShS\nic9cA+DGLfSQiSJr7uDx6WTxwdhXKFO2niXty8yMgmnBb8P3qeoWUZMiwxt12D+F\nljPR/6rdAgMBAAECggEAM0nqCgldtheJdIhT0jl5KLW0f9TN2B1NXKuKxVHJHX/x\neBbciLDRV09GLNemJBM8+c8oINcHwZlU+6ew3T1zo8v6Shiry4zO7GuokI+Ed01f\njyiIM6j3iyMBo+IbBqDHMDLxMeDjzHU/Idy2IbZepPtq2aCIpK5ju6XvVmv9rppR\nmywgpFVfguu5Ec+ixPwiOrbkrUaYxJRuJJoCERjehLSjnpMH5Wy7jZ3k3Gv9PR/K\nSknaUL49DY6VeoUjGDrMoZtpy/ck3K41uBSTbn+Qtq+V6p/2yBqjFDs5anNw+4vn\nVC88eZmqJRRIjcKCrAWpcHo+pC47VjyyQQwAoy3R4QKBgQD+6DSmbiAiJ6YkUb36\nOyvLpgJw8LSnHJKkLUkglIPiV6VtdVDJtXT+JSaSr/46r6VBXs9hQMHzcB9+fwiZ\nxVIbCB/cWrHxM8ovfcr79nGQ0aYT5TE29zZWOdnRKOUjp+CVk7IJUnBe8xDEyTRF\nZ7zxyDfI9Bg2mP5K6QS6GactYQKBgQDtyAHlvmWE1E6YqiBqVsshIrj1O6tgMTym\nvwAynJNecjBZ3cfoR6U/ArqbVTU1sX9ztxpl23KXCd4GLgtAPqCfvDoXX+mdXkpH\nFNqas67YOIHTcFbjmy0bvLG2Rvk77VhOwPu08TA34+spYnED9cVDdg++X1tnHpsF\n4K0WrvcS/QKBgQDHpBWYQ6fnGCaHS33+/VjPprVCv0K9nyM6cj1Txv2DyCFIGRms\n4PFAGtibCjuSuv4ytI63HIDKqIYCDHwv8trbUQGjE2VKA8XWbC8OJ3XKdmgcLOTe\np79myOhPaDgONO0wOPy3UFmyA6yecvb9ZMIWmzkVqhdMq4Z+JQIOvwiwAQKBgAen\nztfUv3P9WeJ0Z8LEtJmGgqnyl9vq+ebsc1ctz1jVGFVsXIlP9TQIJHXn0mS+KDpT\nhNgOrqvKN4m/ZcFVwtoht0UVY3IbnQyY0Uj1zAVOHG/wR/vf/R3Nf3M86b1SMOuo\nLvJuaX0DK4kTkEvuV8GKRYt9inXReHBCAZCfZXkJAoGBALEZ/WOThCPa/SQLSVF3\nDC4udrSQmid7uVTcdxBAV6loX0Z3XlIAt0oiiKvkkGmpnRCK0eP3t7LePCabj1N8\nKz54J7a0eKL0AxzbGrQf5oitjFH4jXHeE9uR6m9DeFNCyhdTuE8/yfg2Hfq7fVUW\nU7ImHChRZcifRuZFYW917LKD\n-----END PRIVATE KEY-----\n","clientEmail":"firebase-adminsdk-he5en@ucla-dining-crud-api.iam.gserviceaccount.com","httpClient":{"retry":{"maxRetries":4,"statusCodes":[503],"ioErrorCodes":["ECONNRESET","ETIMEDOUT"],"backOffFactor":0.5,"maxDelayInMillis":60000}}}} {"metadata":{"emulator":{"name":"functions"},"function":{"name":"us-central1-app"},"extension":{},"message":"[runtime-status] [37042] initializeApp(DEFAULT) {\"credential\":{\"implicit\":false,\"projectId\":\"ucla-dining-crud-api\",\"privateKey\":\"-----BEGIN PRIVATE KEY-----\\nMIIEvgIBADANBgkqhkiG9w0BAQEFAASCBKgwggSkAgEAAoIBAQDsxCAK4Xr0+3PD\\nmx2dTjetkmmZCDQOygPwhsyjE3psAWfs2wyuoY+ZFS7j/Phj0MrYnYdtT2S3mz77\\naM790bxpEToWfpyfnV8zfPohQxXLFNH+5IVQ9Fv8D5Ns8SmLzixndCFtu4jZTtoz\\nppPmRuaBETjqTPCOAUK+IrPxEz8w/yyEmy61Emjazs/GLT/hkiVzzn90AkLpsrA+\\nFpEs19OZhl7IHYE9+LPzKB94LTmpmijALBWbQwM+f+2wZJ/2absvP2StMe8jsShS\\nic9cA+DGLfSQiSJr7uDx6WTxwdhXKFO2niXty8yMgmnBb8P3qeoWUZMiwxt12D+F\\nljPR/6rdAgMBAAECggEAM0nqCgldtheJdIhT0jl5KLW0f9TN2B1NXKuKxVHJHX/x\\neBbciLDRV09GLNemJBM8+c8oINcHwZlU+6ew3T1zo8v6Shiry4zO7GuokI+Ed01f\\njyiIM6j3iyMBo+IbBqDHMDLxMeDjzHU/Idy2IbZepPtq2aCIpK5ju6XvVmv9rppR\\nmywgpFVfguu5Ec+ixPwiOrbkrUaYxJRuJJoCERjehLSjnpMH5Wy7jZ3k3Gv9PR/K\\nSknaUL49DY6VeoUjGDrMoZtpy/ck3K41uBSTbn+Qtq+V6p/2yBqjFDs5anNw+4vn\\nVC88eZmqJRRIjcKCrAWpcHo+pC47VjyyQQwAoy3R4QKBgQD+6DSmbiAiJ6YkUb36\\nOyvLpgJw8LSnHJKkLUkglIPiV6VtdVDJtXT+JSaSr/46r6VBXs9hQMHzcB9+fwiZ\\nxVIbCB/cWrHxM8ovfcr79nGQ0aYT5TE29zZWOdnRKOUjp+CVk7IJUnBe8xDEyTRF\\nZ7zxyDfI9Bg2mP5K6QS6GactYQKBgQDtyAHlvmWE1E6YqiBqVsshIrj1O6tgMTym\\nvwAynJNecjBZ3cfoR6U/ArqbVTU1sX9ztxpl23KXCd4GLgtAPqCfvDoXX+mdXkpH\\nFNqas67YOIHTcFbjmy0bvLG2Rvk77VhOwPu08TA34+spYnED9cVDdg++X1tnHpsF\\n4K0WrvcS/QKBgQDHpBWYQ6fnGCaHS33+/VjPprVCv0K9nyM6cj1Txv2DyCFIGRms\\n4PFAGtibCjuSuv4ytI63HIDKqIYCDHwv8trbUQGjE2VKA8XWbC8OJ3XKdmgcLOTe\\np79myOhPaDgONO0wOPy3UFmyA6yecvb9ZMIWmzkVqhdMq4Z+JQIOvwiwAQKBgAen\\nztfUv3P9WeJ0Z8LEtJmGgqnyl9vq+ebsc1ctz1jVGFVsXIlP9TQIJHXn0mS+KDpT\\nhNgOrqvKN4m/ZcFVwtoht0UVY3IbnQyY0Uj1zAVOHG/wR/vf/R3Nf3M86b1SMOuo\\nLvJuaX0DK4kTkEvuV8GKRYt9inXReHBCAZCfZXkJAoGBALEZ/WOThCPa/SQLSVF3\\nDC4udrSQmid7uVTcdxBAV6loX0Z3XlIAt0oiiKvkkGmpnRCK0eP3t7LePCabj1N8\\nKz54J7a0eKL0AxzbGrQf5oitjFH4jXHeE9uR6m9DeFNCyhdTuE8/yfg2Hfq7fVUW\\nU7ImHChRZcifRuZFYW917LKD\\n-----END PRIVATE KEY-----\\n\",\"clientEmail\":\"firebase-adminsdk-he5en@ucla-dining-crud-api.iam.gserviceaccount.com\",\"httpClient\":{\"retry\":{\"maxRetries\":4,\"statusCodes\":[503],\"ioErrorCodes\":[\"ECONNRESET\",\"ETIMEDOUT\"],\"backOffFactor\":0.5,\"maxDelayInMillis\":60000}}}}"}}
[debug] [2023-12-06T02:27:59.998Z] [runtime-status] [37042] Functions runtime initialized. {"cwd":"/Users/gabrielcastro/Desktop/VSCODE FILES/ucla-dining-app/functions","node_version":"18.9.1"} {"metadata":{"emulator":{"name":"functions"},"function":{"name":"us-central1-app"},"extension":{},"message":"[runtime-status] [37042] Functions runtime initialized. {\"cwd\":\"/Users/gabrielcastro/Desktop/VSCODE FILES/ucla-dining-app/functions\",\"node_version\":\"18.9.1\"}"}}
[debug] [2023-12-06T02:27:59.998Z] [runtime-status] [37042] Listening to port: /var/folders/mt/8nrm1ps57g79c644tsg2f9500000gn/T/fire_emu_8755e0b9a6ef18e8.sock {"metadata":{"emulator":{"name":"functions"},"function":{"name":"us-central1-app"},"extension":{},"message":"[runtime-status] [37042] Listening to port: /var/folders/mt/8nrm1ps57g79c644tsg2f9500000gn/T/fire_emu_8755e0b9a6ef18e8.sock"}}
[debug] [2023-12-06T02:28:00.080Z] [worker-us-central1-app-cbd0960f-a5f5-40f1-8006-c620a849a63f]: IDLE {"metadata":{"emulator":{"name":"functions"},"function":{"name":"us-central1-app"},"extension":{},"message":"[worker-us-central1-app-cbd0960f-a5f5-40f1-8006-c620a849a63f]: IDLE"}}
[debug] [2023-12-06T02:28:00.081Z] [worker-pool] submitRequest(triggerId=us-central1-app) {"metadata":{"emulator":{"name":"functions"},"message":"[worker-pool] submitRequest(triggerId=us-central1-app)"}}
[info] i  functions: Beginning execution of "us-central1-app" {"metadata":{"emulator":{"name":"functions"},"function":{"name":"us-central1-app"},"extension":{},"message":"Beginning execution of \"us-central1-app\""}}
[debug] [2023-12-06T02:28:00.081Z] [worker-us-central1-app-cbd0960f-a5f5-40f1-8006-c620a849a63f]: BUSY {"metadata":{"emulator":{"name":"functions"},"function":{"name":"us-central1-app"},"extension":{},"message":"[worker-us-central1-app-cbd0960f-a5f5-40f1-8006-c620a849a63f]: BUSY"}}
[debug] [2023-12-06T02:28:00.653Z] Finishing up request with event=pause {"metadata":{"emulator":{"name":"functions"},"function":{"name":"us-central1-app"},"extension":{},"message":"Finishing up request with event=pause"}}
[info] i  functions: Finished "us-central1-app" in 572.143ms {"metadata":{"emulator":{"name":"functions"},"function":{"name":"us-central1-app"},"extension":{},"message":"Finished \"us-central1-app\" in 572.143ms"}}
[debug] [2023-12-06T02:28:00.653Z] [worker-us-central1-app-cbd0960f-a5f5-40f1-8006-c620a849a63f]: IDLE {"metadata":{"emulator":{"name":"functions"},"function":{"name":"us-central1-app"},"extension":{},"message":"[worker-us-central1-app-cbd0960f-a5f5-40f1-8006-c620a849a63f]: IDLE"}}
[debug] [2023-12-06T02:28:00.653Z] Finishing up request with event=finish {"metadata":{"emulator":{"name":"functions"},"function":{"name":"us-central1-app"},"extension":{},"message":"Finishing up request with event=finish"}}
[debug] [2023-12-06T02:28:00.653Z] Finishing up request with event=close {"metadata":{"emulator":{"name":"functions"},"function":{"name":"us-central1-app"},"extension":{},"message":"Finishing up request with event=close"}}
[debug] [2023-12-06T02:28:00.653Z] [work-queue] {"queuedWork":[],"queueLength":0,"runningWork":["/ucla-dining-crud-api/us-central1/app/api/read/5-2023-12-06T02:27:58.961Z"],"workRunningCount":1}
[debug] [2023-12-06T02:28:00.654Z] Finishing up request with event=pause {"metadata":{"emulator":{"name":"functions"},"function":{"name":"us-central1-app"},"extension":{},"message":"Finishing up request with event=pause"}}
[info] i  functions: Finished "us-central1-app" in 757.722625ms {"metadata":{"emulator":{"name":"functions"},"function":{"name":"us-central1-app"},"extension":{},"message":"Finished \"us-central1-app\" in 757.722625ms"}}
[debug] [2023-12-06T02:28:00.654Z] [worker-us-central1-app-b1ef26d1-c32c-4254-b714-8c7144d5b12f]: IDLE {"metadata":{"emulator":{"name":"functions"},"function":{"name":"us-central1-app"},"extension":{},"message":"[worker-us-central1-app-b1ef26d1-c32c-4254-b714-8c7144d5b12f]: IDLE"}}
[debug] [2023-12-06T02:28:00.654Z] Finishing up request with event=finish {"metadata":{"emulator":{"name":"functions"},"function":{"name":"us-central1-app"},"extension":{},"message":"Finishing up request with event=finish"}}
[debug] [2023-12-06T02:28:00.654Z] Finishing up request with event=close {"metadata":{"emulator":{"name":"functions"},"function":{"name":"us-central1-app"},"extension":{},"message":"Finishing up request with event=close"}}
[debug] [2023-12-06T02:28:00.654Z] [work-queue] {"queuedWork":[],"queueLength":0,"runningWork":[],"workRunningCount":0}
[debug] [2023-12-06T02:28:13.416Z] [work-queue] {"queuedWork":["/ucla-dining-crud-api/us-central1/app/api/read/3-2023-12-06T02:28:13.416Z"],"queueLength":1,"runningWork":[],"workRunningCount":0}
[debug] [2023-12-06T02:28:13.417Z] [work-queue] {"queuedWork":[],"queueLength":0,"runningWork":["/ucla-dining-crud-api/us-central1/app/api/read/3-2023-12-06T02:28:13.416Z"],"workRunningCount":1}
[debug] [2023-12-06T02:28:13.417Z] Accepted request GET /ucla-dining-crud-api/us-central1/app/api/read/3 --> us-central1-app
[debug] [2023-12-06T02:28:13.422Z] [functions] Runtime ready! Sending request! {"metadata":{"emulator":{"name":"functions"},"message":"[functions] Runtime ready! Sending request!"}}
[debug] [2023-12-06T02:28:13.422Z] [functions] Got req.url=/ucla-dining-crud-api/us-central1/app/api/read/3, mapping to path=/api/read/3 {"metadata":{"emulator":{"name":"functions"},"message":"[functions] Got req.url=/ucla-dining-crud-api/us-central1/app/api/read/3, mapping to path=/api/read/3"}}
[debug] [2023-12-06T02:28:13.423Z] [worker-pool] submitRequest(triggerId=us-central1-app) {"metadata":{"emulator":{"name":"functions"},"message":"[worker-pool] submitRequest(triggerId=us-central1-app)"}}
[info] i  functions: Beginning execution of "us-central1-app" {"metadata":{"emulator":{"name":"functions"},"function":{"name":"us-central1-app"},"extension":{},"message":"Beginning execution of \"us-central1-app\""}}
[debug] [2023-12-06T02:28:13.423Z] [worker-us-central1-app-b1ef26d1-c32c-4254-b714-8c7144d5b12f]: BUSY {"metadata":{"emulator":{"name":"functions"},"function":{"name":"us-central1-app"},"extension":{},"message":"[worker-us-central1-app-b1ef26d1-c32c-4254-b714-8c7144d5b12f]: BUSY"}}
[debug] [2023-12-06T02:28:13.628Z] Finishing up request with event=pause {"metadata":{"emulator":{"name":"functions"},"function":{"name":"us-central1-app"},"extension":{},"message":"Finishing up request with event=pause"}}
[info] i  functions: Finished "us-central1-app" in 205.080375ms {"metadata":{"emulator":{"name":"functions"},"function":{"name":"us-central1-app"},"extension":{},"message":"Finished \"us-central1-app\" in 205.080375ms"}}
[debug] [2023-12-06T02:28:13.629Z] [worker-us-central1-app-b1ef26d1-c32c-4254-b714-8c7144d5b12f]: IDLE {"metadata":{"emulator":{"name":"functions"},"function":{"name":"us-central1-app"},"extension":{},"message":"[worker-us-central1-app-b1ef26d1-c32c-4254-b714-8c7144d5b12f]: IDLE"}}
[debug] [2023-12-06T02:28:13.629Z] Finishing up request with event=finish {"metadata":{"emulator":{"name":"functions"},"function":{"name":"us-central1-app"},"extension":{},"message":"Finishing up request with event=finish"}}
[debug] [2023-12-06T02:28:13.629Z] Finishing up request with event=close {"metadata":{"emulator":{"name":"functions"},"function":{"name":"us-central1-app"},"extension":{},"message":"Finishing up request with event=close"}}
[debug] [2023-12-06T02:28:13.629Z] [work-queue] {"queuedWork":[],"queueLength":0,"runningWork":[],"workRunningCount":0}
[debug] [2023-12-06T02:28:14.006Z] [work-queue] {"queuedWork":["/ucla-dining-crud-api/us-central1/app/api/read/4-2023-12-06T02:28:14.005Z"],"queueLength":1,"runningWork":[],"workRunningCount":0}
[debug] [2023-12-06T02:28:14.006Z] [work-queue] {"queuedWork":[],"queueLength":0,"runningWork":["/ucla-dining-crud-api/us-central1/app/api/read/4-2023-12-06T02:28:14.005Z"],"workRunningCount":1}
[debug] [2023-12-06T02:28:14.006Z] Accepted request GET /ucla-dining-crud-api/us-central1/app/api/read/4 --> us-central1-app
[debug] [2023-12-06T02:28:14.009Z] [functions] Runtime ready! Sending request! {"metadata":{"emulator":{"name":"functions"},"message":"[functions] Runtime ready! Sending request!"}}
[debug] [2023-12-06T02:28:14.009Z] [functions] Got req.url=/ucla-dining-crud-api/us-central1/app/api/read/4, mapping to path=/api/read/4 {"metadata":{"emulator":{"name":"functions"},"message":"[functions] Got req.url=/ucla-dining-crud-api/us-central1/app/api/read/4, mapping to path=/api/read/4"}}
[debug] [2023-12-06T02:28:14.009Z] [worker-pool] submitRequest(triggerId=us-central1-app) {"metadata":{"emulator":{"name":"functions"},"message":"[worker-pool] submitRequest(triggerId=us-central1-app)"}}
[info] i  functions: Beginning execution of "us-central1-app" {"metadata":{"emulator":{"name":"functions"},"function":{"name":"us-central1-app"},"extension":{},"message":"Beginning execution of \"us-central1-app\""}}
[debug] [2023-12-06T02:28:14.010Z] [worker-us-central1-app-b1ef26d1-c32c-4254-b714-8c7144d5b12f]: BUSY {"metadata":{"emulator":{"name":"functions"},"function":{"name":"us-central1-app"},"extension":{},"message":"[worker-us-central1-app-b1ef26d1-c32c-4254-b714-8c7144d5b12f]: BUSY"}}
[debug] [2023-12-06T02:28:14.121Z] Finishing up request with event=pause {"metadata":{"emulator":{"name":"functions"},"function":{"name":"us-central1-app"},"extension":{},"message":"Finishing up request with event=pause"}}
[info] i  functions: Finished "us-central1-app" in 111.547708ms {"metadata":{"emulator":{"name":"functions"},"function":{"name":"us-central1-app"},"extension":{},"message":"Finished \"us-central1-app\" in 111.547708ms"}}
[debug] [2023-12-06T02:28:14.122Z] [worker-us-central1-app-b1ef26d1-c32c-4254-b714-8c7144d5b12f]: IDLE {"metadata":{"emulator":{"name":"functions"},"function":{"name":"us-central1-app"},"extension":{},"message":"[worker-us-central1-app-b1ef26d1-c32c-4254-b714-8c7144d5b12f]: IDLE"}}
[debug] [2023-12-06T02:28:14.122Z] Finishing up request with event=finish {"metadata":{"emulator":{"name":"functions"},"function":{"name":"us-central1-app"},"extension":{},"message":"Finishing up request with event=finish"}}
[debug] [2023-12-06T02:28:14.122Z] Finishing up request with event=close {"metadata":{"emulator":{"name":"functions"},"function":{"name":"us-central1-app"},"extension":{},"message":"Finishing up request with event=close"}}
[debug] [2023-12-06T02:28:14.122Z] [work-queue] {"queuedWork":[],"queueLength":0,"runningWork":[],"workRunningCount":0}
[debug] [2023-12-06T02:28:14.499Z] [work-queue] {"queuedWork":["/ucla-dining-crud-api/us-central1/app/api/read/5-2023-12-06T02:28:14.499Z"],"queueLength":1,"runningWork":[],"workRunningCount":0}
[debug] [2023-12-06T02:28:14.499Z] [work-queue] {"queuedWork":[],"queueLength":0,"runningWork":["/ucla-dining-crud-api/us-central1/app/api/read/5-2023-12-06T02:28:14.499Z"],"workRunningCount":1}
[debug] [2023-12-06T02:28:14.499Z] Accepted request GET /ucla-dining-crud-api/us-central1/app/api/read/5 --> us-central1-app
[debug] [2023-12-06T02:28:14.501Z] [functions] Runtime ready! Sending request! {"metadata":{"emulator":{"name":"functions"},"message":"[functions] Runtime ready! Sending request!"}}
[debug] [2023-12-06T02:28:14.501Z] [functions] Got req.url=/ucla-dining-crud-api/us-central1/app/api/read/5, mapping to path=/api/read/5 {"metadata":{"emulator":{"name":"functions"},"message":"[functions] Got req.url=/ucla-dining-crud-api/us-central1/app/api/read/5, mapping to path=/api/read/5"}}
[debug] [2023-12-06T02:28:14.501Z] [worker-pool] submitRequest(triggerId=us-central1-app) {"metadata":{"emulator":{"name":"functions"},"message":"[worker-pool] submitRequest(triggerId=us-central1-app)"}}
[info] i  functions: Beginning execution of "us-central1-app" {"metadata":{"emulator":{"name":"functions"},"function":{"name":"us-central1-app"},"extension":{},"message":"Beginning execution of \"us-central1-app\""}}
[debug] [2023-12-06T02:28:14.501Z] [worker-us-central1-app-b1ef26d1-c32c-4254-b714-8c7144d5b12f]: BUSY {"metadata":{"emulator":{"name":"functions"},"function":{"name":"us-central1-app"},"extension":{},"message":"[worker-us-central1-app-b1ef26d1-c32c-4254-b714-8c7144d5b12f]: BUSY"}}
[debug] [2023-12-06T02:28:14.631Z] Finishing up request with event=pause {"metadata":{"emulator":{"name":"functions"},"function":{"name":"us-central1-app"},"extension":{},"message":"Finishing up request with event=pause"}}
[info] i  functions: Finished "us-central1-app" in 130.166333ms {"metadata":{"emulator":{"name":"functions"},"function":{"name":"us-central1-app"},"extension":{},"message":"Finished \"us-central1-app\" in 130.166333ms"}}
[debug] [2023-12-06T02:28:14.632Z] [worker-us-central1-app-b1ef26d1-c32c-4254-b714-8c7144d5b12f]: IDLE {"metadata":{"emulator":{"name":"functions"},"function":{"name":"us-central1-app"},"extension":{},"message":"[worker-us-central1-app-b1ef26d1-c32c-4254-b714-8c7144d5b12f]: IDLE"}}
[debug] [2023-12-06T02:28:14.632Z] Finishing up request with event=finish {"metadata":{"emulator":{"name":"functions"},"function":{"name":"us-central1-app"},"extension":{},"message":"Finishing up request with event=finish"}}
[debug] [2023-12-06T02:28:14.632Z] Finishing up request with event=close {"metadata":{"emulator":{"name":"functions"},"function":{"name":"us-central1-app"},"extension":{},"message":"Finishing up request with event=close"}}
[debug] [2023-12-06T02:28:14.632Z] [work-queue] {"queuedWork":[],"queueLength":0,"runningWork":[],"workRunningCount":0}
[debug] [2023-12-06T02:28:14.939Z] [work-queue] {"queuedWork":["/ucla-dining-crud-api/us-central1/app/api/read/7-2023-12-06T02:28:14.939Z"],"queueLength":1,"runningWork":[],"workRunningCount":0}
[debug] [2023-12-06T02:28:14.940Z] [work-queue] {"queuedWork":[],"queueLength":0,"runningWork":["/ucla-dining-crud-api/us-central1/app/api/read/7-2023-12-06T02:28:14.939Z"],"workRunningCount":1}
[debug] [2023-12-06T02:28:14.940Z] Accepted request GET /ucla-dining-crud-api/us-central1/app/api/read/7 --> us-central1-app
[debug] [2023-12-06T02:28:14.943Z] [functions] Runtime ready! Sending request! {"metadata":{"emulator":{"name":"functions"},"message":"[functions] Runtime ready! Sending request!"}}
[debug] [2023-12-06T02:28:14.944Z] [functions] Got req.url=/ucla-dining-crud-api/us-central1/app/api/read/7, mapping to path=/api/read/7 {"metadata":{"emulator":{"name":"functions"},"message":"[functions] Got req.url=/ucla-dining-crud-api/us-central1/app/api/read/7, mapping to path=/api/read/7"}}
[debug] [2023-12-06T02:28:14.944Z] [worker-pool] submitRequest(triggerId=us-central1-app) {"metadata":{"emulator":{"name":"functions"},"message":"[worker-pool] submitRequest(triggerId=us-central1-app)"}}
[info] i  functions: Beginning execution of "us-central1-app" {"metadata":{"emulator":{"name":"functions"},"function":{"name":"us-central1-app"},"extension":{},"message":"Beginning execution of \"us-central1-app\""}}
[debug] [2023-12-06T02:28:14.945Z] [worker-us-central1-app-b1ef26d1-c32c-4254-b714-8c7144d5b12f]: BUSY {"metadata":{"emulator":{"name":"functions"},"function":{"name":"us-central1-app"},"extension":{},"message":"[worker-us-central1-app-b1ef26d1-c32c-4254-b714-8c7144d5b12f]: BUSY"}}
[debug] [2023-12-06T02:28:15.347Z] Finishing up request with event=pause {"metadata":{"emulator":{"name":"functions"},"function":{"name":"us-central1-app"},"extension":{},"message":"Finishing up request with event=pause"}}
[info] i  functions: Finished "us-central1-app" in 403.184708ms {"metadata":{"emulator":{"name":"functions"},"function":{"name":"us-central1-app"},"extension":{},"message":"Finished \"us-central1-app\" in 403.184708ms"}}
[debug] [2023-12-06T02:28:15.348Z] [worker-us-central1-app-b1ef26d1-c32c-4254-b714-8c7144d5b12f]: IDLE {"metadata":{"emulator":{"name":"functions"},"function":{"name":"us-central1-app"},"extension":{},"message":"[worker-us-central1-app-b1ef26d1-c32c-4254-b714-8c7144d5b12f]: IDLE"}}
[debug] [2023-12-06T02:28:15.349Z] Finishing up request with event=finish {"metadata":{"emulator":{"name":"functions"},"function":{"name":"us-central1-app"},"extension":{},"message":"Finishing up request with event=finish"}}
[debug] [2023-12-06T02:28:15.349Z] Finishing up request with event=close {"metadata":{"emulator":{"name":"functions"},"function":{"name":"us-central1-app"},"extension":{},"message":"Finishing up request with event=close"}}
[debug] [2023-12-06T02:28:15.349Z] [work-queue] {"queuedWork":[],"queueLength":0,"runningWork":[],"workRunningCount":0}
